This file contains any messages produced by compilers while
running configure, to aid debugging if configure makes a mistake.

It was created by alm_base configure 1.0, which was
generated by GNU Autoconf 2.63.  Invocation command line was

  $ ./configure 

## --------- ##
## Platform. ##
## --------- ##

hostname = TESLA1
uname -m = x86_64
uname -r = 4.4.0-104-generic
uname -s = Linux
uname -v = #127-Ubuntu SMP Mon Dec 11 12:16:42 UTC 2017

/usr/bin/uname -p = unknown
/bin/uname -X     = unknown

/bin/arch              = unknown
/usr/bin/arch -k       = unknown
/usr/convex/getsysinfo = unknown
/usr/bin/hostinfo      = unknown
/bin/machine           = unknown
/usr/bin/oslevel       = unknown
/bin/universe          = unknown

PATH: /home/wscho/devel/root/bin
PATH: /home/wscho/bin
PATH: /home/wscho/.local/bin
PATH: /home/wscho/simulation/fastjet/bin
PATH: /home/wscho/simulation/fastjet/include
PATH: /home/wscho/simulation/mg5/MG5_aMC_v2_6_0/Delphes
PATH: /home/wscho/simulation/mg5/MG5_aMC_v2_6_0/ExRootAnalysis/ExRootAnalysis
PATH: /home/wscho/simulation/OptiMass-2/include
PATH: /home/wscho/simulation/LHAPDF/bin
PATH: /home/wscho/simulation/LHAPDF/include
PATH: /home/wscho/devel/root/include
PATH: /home/wscho/devel/boost/include
PATH: /home/wscho/devel/boost/include/boost
PATH: /home/wscho/devel/cub
PATH: /home/wscho/devel/cub/cub
PATH: /usr/local/cuda
PATH: /usr/local/cuda/bin
PATH: /usr/local/cuda/include
PATH: /home/wscho/.local/bin
PATH: /home/wscho/local/bin
PATH: /usr/local/bin
PATH: /usr/local/include
PATH: /usr/bin
PATH: /usr/include
PATH: /bin
PATH: /opt/X11/bin
PATH: /usr/local/cuda-8.0/bin
PATH: /usr/local/sbin
PATH: /usr/local/bin
PATH: /usr/sbin
PATH: /usr/bin
PATH: /sbin
PATH: /bin
PATH: /opt/dell/srvadmin/bin
PATH: /opt/dell/srvadmin/sbin


## ----------- ##
## Core tests. ##
## ----------- ##

configure:2108: checking for a BSD-compatible install
configure:2176: result: /usr/bin/install -c
configure:2187: checking whether build environment is sane
configure:2247: result: yes
configure:2388: checking for a thread-safe mkdir -p
configure:2427: result: /bin/mkdir -p
configure:2440: checking for gawk
configure:2470: result: no
configure:2440: checking for mawk
configure:2456: found /usr/bin/mawk
configure:2467: result: mawk
configure:2478: checking whether make sets $(MAKE)
configure:2500: result: yes
configure:2640: checking for g++
configure:2656: found /usr/bin/g++
configure:2667: result: g++
configure:2694: checking for C++ compiler version
configure:2702: g++ --version >&5
g++ (Ubuntu 7.4.0-1ubuntu1~16.04~ppa1) 7.4.0
Copyright (C) 2017 Free Software Foundation, Inc.
This is free software; see the source for copying conditions.  There is NO
warranty; not even for MERCHANTABILITY or FITNESS FOR A PARTICULAR PURPOSE.

configure:2706: $? = 0
configure:2713: g++ -v >&5
Using built-in specs.
COLLECT_GCC=g++
COLLECT_LTO_WRAPPER=/usr/lib/gcc/x86_64-linux-gnu/7/lto-wrapper
OFFLOAD_TARGET_NAMES=nvptx-none
OFFLOAD_TARGET_DEFAULT=1
Target: x86_64-linux-gnu
Configured with: ../src/configure -v --with-pkgversion='Ubuntu 7.4.0-1ubuntu1~16.04~ppa1' --with-bugurl=file:///usr/share/doc/gcc-7/README.Bugs --enable-languages=c,ada,c++,go,brig,d,fortran,objc,obj-c++ --prefix=/usr --with-gcc-major-version-only --program-suffix=-7 --program-prefix=x86_64-linux-gnu- --enable-shared --enable-linker-build-id --libexecdir=/usr/lib --without-included-gettext --enable-threads=posix --libdir=/usr/lib --enable-nls --with-sysroot=/ --enable-clocale=gnu --enable-libstdcxx-debug --enable-libstdcxx-time=yes --with-default-libstdcxx-abi=new --enable-gnu-unique-object --disable-vtable-verify --enable-libmpx --enable-plugin --with-system-zlib --with-target-system-zlib --enable-objc-gc=auto --enable-multiarch --disable-werror --with-arch-32=i686 --with-abi=m64 --with-multilib-list=m32,m64,mx32 --enable-multilib --with-tune=generic --enable-offload-targets=nvptx-none --without-cuda-driver --enable-checking=release --build=x86_64-linux-gnu --host=x86_64-linux-gnu --target=x86_64-linux-gnu
Thread model: posix
gcc version 7.4.0 (Ubuntu 7.4.0-1ubuntu1~16.04~ppa1) 
configure:2717: $? = 0
configure:2724: g++ -V >&5
g++: error: unrecognized command line option '-V'
g++: fatal error: no input files
compilation terminated.
configure:2728: $? = 1
configure:2751: checking for C++ compiler default output file name
configure:2773: g++    conftest.cpp  >&5
configure:2777: $? = 0
configure:2815: result: a.out
configure:2834: checking whether the C++ compiler works
configure:2844: ./a.out
configure:2848: $? = 0
configure:2867: result: yes
configure:2874: checking whether we are cross compiling
configure:2876: result: no
configure:2879: checking for suffix of executables
configure:2886: g++ -o conftest    conftest.cpp  >&5
configure:2890: $? = 0
configure:2916: result: 
configure:2922: checking for suffix of object files
configure:2948: g++ -c   conftest.cpp >&5
configure:2952: $? = 0
configure:2977: result: o
configure:2981: checking whether we are using the GNU C++ compiler
configure:3010: g++ -c   conftest.cpp >&5
configure:3017: $? = 0
configure:3034: result: yes
configure:3043: checking whether g++ accepts -g
configure:3073: g++ -c -g  conftest.cpp >&5
configure:3080: $? = 0
configure:3181: result: yes
configure:3215: checking for style of include used by make
configure:3243: result: GNU
configure:3268: checking dependency style of g++
configure:3378: result: gcc3
configure:3407: checking whether g++ supports C++11 features by default
configure:3711: g++ -c -g -O2  conftest.cpp >&5
configure:3718: $? = 0
configure:3733: result: yes
configure:4134: checking for a BSD-compatible install
configure:4202: result: /usr/bin/install -c
configure:4245: checking build system type
configure:4263: result: x86_64-unknown-linux-gnu
configure:4285: checking host system type
configure:4300: result: x86_64-unknown-linux-gnu
configure:4370: checking for gcc
configure:4386: found /usr/bin/gcc
configure:4397: result: gcc
configure:4629: checking for C compiler version
configure:4637: gcc --version >&5
gcc (Ubuntu 7.4.0-1ubuntu1~16.04~ppa1) 7.4.0
Copyright (C) 2017 Free Software Foundation, Inc.
This is free software; see the source for copying conditions.  There is NO
warranty; not even for MERCHANTABILITY or FITNESS FOR A PARTICULAR PURPOSE.

configure:4641: $? = 0
configure:4648: gcc -v >&5
Using built-in specs.
COLLECT_GCC=gcc
COLLECT_LTO_WRAPPER=/usr/lib/gcc/x86_64-linux-gnu/7/lto-wrapper
OFFLOAD_TARGET_NAMES=nvptx-none
OFFLOAD_TARGET_DEFAULT=1
Target: x86_64-linux-gnu
Configured with: ../src/configure -v --with-pkgversion='Ubuntu 7.4.0-1ubuntu1~16.04~ppa1' --with-bugurl=file:///usr/share/doc/gcc-7/README.Bugs --enable-languages=c,ada,c++,go,brig,d,fortran,objc,obj-c++ --prefix=/usr --with-gcc-major-version-only --program-suffix=-7 --program-prefix=x86_64-linux-gnu- --enable-shared --enable-linker-build-id --libexecdir=/usr/lib --without-included-gettext --enable-threads=posix --libdir=/usr/lib --enable-nls --with-sysroot=/ --enable-clocale=gnu --enable-libstdcxx-debug --enable-libstdcxx-time=yes --with-default-libstdcxx-abi=new --enable-gnu-unique-object --disable-vtable-verify --enable-libmpx --enable-plugin --with-system-zlib --with-target-system-zlib --enable-objc-gc=auto --enable-multiarch --disable-werror --with-arch-32=i686 --with-abi=m64 --with-multilib-list=m32,m64,mx32 --enable-multilib --with-tune=generic --enable-offload-targets=nvptx-none --without-cuda-driver --enable-checking=release --build=x86_64-linux-gnu --host=x86_64-linux-gnu --target=x86_64-linux-gnu
Thread model: posix
gcc version 7.4.0 (Ubuntu 7.4.0-1ubuntu1~16.04~ppa1) 
configure:4652: $? = 0
configure:4659: gcc -V >&5
gcc: error: unrecognized command line option '-V'
gcc: fatal error: no input files
compilation terminated.
configure:4663: $? = 1
configure:4666: checking whether we are using the GNU C compiler
configure:4695: gcc -c   conftest.c >&5
configure:4702: $? = 0
configure:4719: result: yes
configure:4728: checking whether gcc accepts -g
configure:4758: gcc -c -g  conftest.c >&5
configure:4765: $? = 0
configure:4866: result: yes
configure:4883: checking for gcc option to accept ISO C89
configure:4957: gcc  -c -g -O2  conftest.c >&5
configure:4964: $? = 0
configure:4987: result: none needed
configure:5007: checking dependency style of gcc
configure:5117: result: gcc3
configure:5132: checking for a sed that does not truncate output
configure:5198: result: /bin/sed
configure:5216: checking for grep that handles long lines and -e
configure:5276: result: /bin/grep
configure:5281: checking for egrep
configure:5345: result: /bin/grep -E
configure:5350: checking for fgrep
configure:5414: result: /bin/grep -F
configure:5449: checking for ld used by gcc
configure:5516: result: /usr/bin/ld
configure:5525: checking if the linker (/usr/bin/ld) is GNU ld
configure:5540: result: yes
configure:5552: checking for BSD- or MS-compatible name lister (nm)
configure:5601: result: /usr/bin/nm -B
configure:5719: checking the name lister (/usr/bin/nm -B) interface
configure:5726: g++ -c -g -O2  conftest.cpp >&5
configure:5729: /usr/bin/nm -B "conftest.o"
configure:5732: output
0000000000000000 B some_variable
configure:5739: result: BSD nm
configure:5742: checking whether ln -s works
configure:5746: result: yes
configure:5754: checking the maximum length of command line arguments
configure:5874: result: 1572864
configure:5891: checking whether the shell understands some XSI constructs
configure:5901: result: yes
configure:5905: checking whether the shell understands "+="
configure:5911: result: yes
configure:5946: checking for /usr/bin/ld option to reload object files
configure:5953: result: -r
configure:6022: checking for objdump
configure:6038: found /usr/bin/objdump
configure:6049: result: objdump
configure:6081: checking how to recognize dependent libraries
configure:6277: result: pass_all
configure:6337: checking for ar
configure:6353: found /usr/bin/ar
configure:6364: result: ar
configure:6442: checking for strip
configure:6458: found /usr/bin/strip
configure:6469: result: strip
configure:6541: checking for ranlib
configure:6557: found /usr/bin/ranlib
configure:6568: result: ranlib
configure:6658: checking command to parse /usr/bin/nm -B output from gcc object
configure:6776: g++ -c -g -O2  conftest.cpp >&5
configure:6779: $? = 0
configure:6783: /usr/bin/nm -B conftest.o \| sed -n -e 's/^.*[	 ]\([ABCDGIRSTW][ABCDGIRSTW]*\)[	 ][	 ]*\([_A-Za-z][_A-Za-z0-9]*\)$/\1 \2 \2/p' \> conftest.nm
configure:6786: $? = 0
configure:6840: g++ -o conftest -g -O2   conftest.cpp conftstm.o >&5
configure:6843: $? = 0
configure:6881: result: ok
configure:6977: g++ -c -g -O2  conftest.cpp >&5
configure:6980: $? = 0
configure:7748: checking how to run the C preprocessor
configure:7788: gcc -E  conftest.c
configure:7795: $? = 0
configure:7826: gcc -E  conftest.c
conftest.c:11:10: fatal error: ac_nonexistent.h: No such file or directory
 #include <ac_nonexistent.h>
          ^~~~~~~~~~~~~~~~~~
compilation terminated.
configure:7833: $? = 1
configure: failed program was:
| /* confdefs.h.  */
| #define PACKAGE_NAME "alm_base"
| #define PACKAGE_TARNAME "alm_base"
| #define PACKAGE_VERSION "1.0"
| #define PACKAGE_STRING "alm_base 1.0"
| #define PACKAGE_BUGREPORT "hepkosmos@ibs.re.kr"
| #define PACKAGE "alm_base"
| #define VERSION "1.0"
| #define HAVE_CXX11 1
| /* end confdefs.h.  */
| #include <ac_nonexistent.h>
configure:7866: result: gcc -E
configure:7895: gcc -E  conftest.c
configure:7902: $? = 0
configure:7933: gcc -E  conftest.c
conftest.c:11:10: fatal error: ac_nonexistent.h: No such file or directory
 #include <ac_nonexistent.h>
          ^~~~~~~~~~~~~~~~~~
compilation terminated.
configure:7940: $? = 1
configure: failed program was:
| /* confdefs.h.  */
| #define PACKAGE_NAME "alm_base"
| #define PACKAGE_TARNAME "alm_base"
| #define PACKAGE_VERSION "1.0"
| #define PACKAGE_STRING "alm_base 1.0"
| #define PACKAGE_BUGREPORT "hepkosmos@ibs.re.kr"
| #define PACKAGE "alm_base"
| #define VERSION "1.0"
| #define HAVE_CXX11 1
| /* end confdefs.h.  */
| #include <ac_nonexistent.h>
configure:7980: checking for ANSI C header files
configure:8010: gcc -c -g -O2  conftest.c >&5
configure:8017: $? = 0
configure:8116: gcc -o conftest -g -O2   conftest.c  >&5
configure:8120: $? = 0
configure:8126: ./conftest
configure:8130: $? = 0
configure:8148: result: yes
configure:8172: checking for sys/types.h
configure:8193: gcc -c -g -O2  conftest.c >&5
configure:8200: $? = 0
configure:8217: result: yes
configure:8172: checking for sys/stat.h
configure:8193: gcc -c -g -O2  conftest.c >&5
configure:8200: $? = 0
configure:8217: result: yes
configure:8172: checking for stdlib.h
configure:8193: gcc -c -g -O2  conftest.c >&5
configure:8200: $? = 0
configure:8217: result: yes
configure:8172: checking for string.h
configure:8193: gcc -c -g -O2  conftest.c >&5
configure:8200: $? = 0
configure:8217: result: yes
configure:8172: checking for memory.h
configure:8193: gcc -c -g -O2  conftest.c >&5
configure:8200: $? = 0
configure:8217: result: yes
configure:8172: checking for strings.h
configure:8193: gcc -c -g -O2  conftest.c >&5
configure:8200: $? = 0
configure:8217: result: yes
configure:8172: checking for inttypes.h
configure:8193: gcc -c -g -O2  conftest.c >&5
configure:8200: $? = 0
configure:8217: result: yes
configure:8172: checking for stdint.h
configure:8193: gcc -c -g -O2  conftest.c >&5
configure:8200: $? = 0
configure:8217: result: yes
configure:8172: checking for unistd.h
configure:8193: gcc -c -g -O2  conftest.c >&5
configure:8200: $? = 0
configure:8217: result: yes
configure:8235: checking for dlfcn.h
configure:8256: gcc -c -g -O2  conftest.c >&5
configure:8263: $? = 0
configure:8280: result: yes
configure:8407: checking for C++ compiler version
configure:8415: g++ --version >&5
g++ (Ubuntu 7.4.0-1ubuntu1~16.04~ppa1) 7.4.0
Copyright (C) 2017 Free Software Foundation, Inc.
This is free software; see the source for copying conditions.  There is NO
warranty; not even for MERCHANTABILITY or FITNESS FOR A PARTICULAR PURPOSE.

configure:8419: $? = 0
configure:8426: g++ -v >&5
Using built-in specs.
COLLECT_GCC=g++
COLLECT_LTO_WRAPPER=/usr/lib/gcc/x86_64-linux-gnu/7/lto-wrapper
OFFLOAD_TARGET_NAMES=nvptx-none
OFFLOAD_TARGET_DEFAULT=1
Target: x86_64-linux-gnu
Configured with: ../src/configure -v --with-pkgversion='Ubuntu 7.4.0-1ubuntu1~16.04~ppa1' --with-bugurl=file:///usr/share/doc/gcc-7/README.Bugs --enable-languages=c,ada,c++,go,brig,d,fortran,objc,obj-c++ --prefix=/usr --with-gcc-major-version-only --program-suffix=-7 --program-prefix=x86_64-linux-gnu- --enable-shared --enable-linker-build-id --libexecdir=/usr/lib --without-included-gettext --enable-threads=posix --libdir=/usr/lib --enable-nls --with-sysroot=/ --enable-clocale=gnu --enable-libstdcxx-debug --enable-libstdcxx-time=yes --with-default-libstdcxx-abi=new --enable-gnu-unique-object --disable-vtable-verify --enable-libmpx --enable-plugin --with-system-zlib --with-target-system-zlib --enable-objc-gc=auto --enable-multiarch --disable-werror --with-arch-32=i686 --with-abi=m64 --with-multilib-list=m32,m64,mx32 --enable-multilib --with-tune=generic --enable-offload-targets=nvptx-none --without-cuda-driver --enable-checking=release --build=x86_64-linux-gnu --host=x86_64-linux-gnu --target=x86_64-linux-gnu
Thread model: posix
gcc version 7.4.0 (Ubuntu 7.4.0-1ubuntu1~16.04~ppa1) 
configure:8430: $? = 0
configure:8437: g++ -V >&5
g++: error: unrecognized command line option '-V'
g++: fatal error: no input files
compilation terminated.
configure:8441: $? = 1
configure:8444: checking whether we are using the GNU C++ compiler
configure:8497: result: yes
configure:8506: checking whether g++ accepts -g
configure:8644: result: yes
configure:8669: checking dependency style of g++
configure:8779: result: gcc3
configure:8802: checking how to run the C++ preprocessor
configure:8838: g++ -E  conftest.cpp
configure:8845: $? = 0
configure:8876: g++ -E  conftest.cpp
conftest.cpp:22:10: fatal error: ac_nonexistent.h: No such file or directory
 #include <ac_nonexistent.h>
          ^~~~~~~~~~~~~~~~~~
compilation terminated.
configure:8883: $? = 1
configure: failed program was:
| /* confdefs.h.  */
| #define PACKAGE_NAME "alm_base"
| #define PACKAGE_TARNAME "alm_base"
| #define PACKAGE_VERSION "1.0"
| #define PACKAGE_STRING "alm_base 1.0"
| #define PACKAGE_BUGREPORT "hepkosmos@ibs.re.kr"
| #define PACKAGE "alm_base"
| #define VERSION "1.0"
| #define HAVE_CXX11 1
| #define STDC_HEADERS 1
| #define HAVE_SYS_TYPES_H 1
| #define HAVE_SYS_STAT_H 1
| #define HAVE_STDLIB_H 1
| #define HAVE_STRING_H 1
| #define HAVE_MEMORY_H 1
| #define HAVE_STRINGS_H 1
| #define HAVE_INTTYPES_H 1
| #define HAVE_STDINT_H 1
| #define HAVE_UNISTD_H 1
| #define HAVE_DLFCN_H 1
| /* end confdefs.h.  */
| #include <ac_nonexistent.h>
configure:8916: result: g++ -E
configure:8945: g++ -E  conftest.cpp
configure:8952: $? = 0
configure:8983: g++ -E  conftest.cpp
conftest.cpp:22:10: fatal error: ac_nonexistent.h: No such file or directory
 #include <ac_nonexistent.h>
          ^~~~~~~~~~~~~~~~~~
compilation terminated.
configure:8990: $? = 1
configure: failed program was:
| /* confdefs.h.  */
| #define PACKAGE_NAME "alm_base"
| #define PACKAGE_TARNAME "alm_base"
| #define PACKAGE_VERSION "1.0"
| #define PACKAGE_STRING "alm_base 1.0"
| #define PACKAGE_BUGREPORT "hepkosmos@ibs.re.kr"
| #define PACKAGE "alm_base"
| #define VERSION "1.0"
| #define HAVE_CXX11 1
| #define STDC_HEADERS 1
| #define HAVE_SYS_TYPES_H 1
| #define HAVE_SYS_STAT_H 1
| #define HAVE_STDLIB_H 1
| #define HAVE_STRING_H 1
| #define HAVE_MEMORY_H 1
| #define HAVE_STRINGS_H 1
| #define HAVE_INTTYPES_H 1
| #define HAVE_STDINT_H 1
| #define HAVE_UNISTD_H 1
| #define HAVE_DLFCN_H 1
| /* end confdefs.h.  */
| #include <ac_nonexistent.h>
configure:9203: checking for objdir
configure:9218: result: .libs
configure:9514: checking if gcc supports -fno-rtti -fno-exceptions
configure:9532: gcc -c -g -O2  -fno-rtti -fno-exceptions conftest.c >&5
cc1: warning: command line option '-fno-rtti' is valid for C++/ObjC++ but not for C
configure:9536: $? = 0
configure:9549: result: no
configure:9569: checking for gcc option to produce PIC
configure:9841: result: -fPIC -DPIC
configure:9853: checking if gcc PIC flag -fPIC -DPIC works
configure:9871: gcc -c -g -O2  -fPIC -DPIC -DPIC conftest.c >&5
configure:9875: $? = 0
configure:9888: result: yes
configure:9912: checking if gcc static flag -static works
configure:9940: result: yes
configure:9955: checking if gcc supports -c -o file.o
configure:9976: gcc -c -g -O2  -o out/conftest2.o conftest.c >&5
configure:9980: $? = 0
configure:10002: result: yes
configure:10010: checking if gcc supports -c -o file.o
configure:10057: result: yes
configure:10090: checking whether the gcc linker (/usr/bin/ld -m elf_x86_64) supports shared libraries
configure:11164: result: yes
configure:11201: checking whether -lc should be explicitly linked in
configure:11206: gcc -c -g -O2  conftest.c >&5
configure:11209: $? = 0
configure:11224: gcc -shared conftest.o  -v -Wl,-soname -Wl,conftest -o conftest 2\>\&1 \| /bin/grep  -lc  \>/dev/null 2\>\&1
configure:11227: $? = 0
configure:11239: result: no
configure:11403: checking dynamic linker characteristics
configure:11846: gcc -o conftest -g -O2   -Wl,-rpath -Wl,/foo conftest.c  >&5
configure:11853: $? = 0
configure:12089: result: GNU/Linux ld.so
configure:12191: checking how to hardcode library paths into programs
configure:12216: result: immediate
configure:13049: checking whether stripping libraries is possible
configure:13054: result: yes
configure:13089: checking if libtool supports shared libraries
configure:13091: result: yes
configure:13094: checking whether to build shared libraries
configure:13115: result: yes
configure:13118: checking whether to build static libraries
configure:13122: result: yes
configure:13272: checking for ld used by g++
configure:13339: result: /usr/bin/ld -m elf_x86_64
configure:13348: checking if the linker (/usr/bin/ld -m elf_x86_64) is GNU ld
configure:13363: result: yes
configure:13418: checking whether the g++ linker (/usr/bin/ld -m elf_x86_64) supports shared libraries
configure:14393: result: yes
configure:14421: g++ -c -g -O2  conftest.cpp >&5
configure:14424: $? = 0
configure:14606: checking for g++ option to produce PIC
configure:14923: result: -fPIC -DPIC
configure:14932: checking if g++ PIC flag -fPIC -DPIC works
configure:14950: g++ -c -g -O2  -fPIC -DPIC -DPIC conftest.cpp >&5
configure:14954: $? = 0
configure:14967: result: yes
configure:14988: checking if g++ static flag -static works
configure:15016: result: yes
configure:15028: checking if g++ supports -c -o file.o
configure:15049: g++ -c -g -O2  -o out/conftest2.o conftest.cpp >&5
configure:15053: $? = 0
configure:15075: result: yes
configure:15080: checking if g++ supports -c -o file.o
configure:15127: result: yes
configure:15157: checking whether the g++ linker (/usr/bin/ld -m elf_x86_64) supports shared libraries
configure:15183: result: yes
configure:15320: checking dynamic linker characteristics
configure:15711: g++ -o conftest -g -O2   -Wl,-rpath -Wl,/foo conftest.cpp  >&5
configure:15718: $? = 0
configure:15954: result: GNU/Linux ld.so
configure:16005: checking how to hardcode library paths into programs
configure:16030: result: immediate
configure:16094: checking for pow
configure:16150: g++ -o conftest -g -O2   conftest.cpp  >&5
conftest.cpp:46:6: warning: declaration of 'char pow()' conflicts with built-in declaration 'double pow(double, double)' [-Wbuiltin-declaration-mismatch]
 char pow ();
      ^~~
configure:16157: $? = 0
configure:16179: result: yes
configure:16094: checking for sqrt
configure:16150: g++ -o conftest -g -O2   conftest.cpp  >&5
conftest.cpp:47:6: warning: declaration of 'char sqrt()' conflicts with built-in declaration 'double sqrt(double)' [-Wbuiltin-declaration-mismatch]
 char sqrt ();
      ^~~~
configure:16157: $? = 0
configure:16179: result: yes
configure:16195: checking for inline
configure:16221: g++ -c -g -O2  conftest.cpp >&5
configure:16228: $? = 0
configure:16246: result: inline
configure:16265: checking for size_t
configure:16293: g++ -c -g -O2  conftest.cpp >&5
configure:16300: $? = 0
configure:16327: g++ -c -g -O2  conftest.cpp >&5
conftest.cpp: In function 'int main()':
conftest.cpp:61:20: error: expected primary-expression before ')' token
 if (sizeof ((size_t)))
                    ^
configure:16334: $? = 1
configure: failed program was:
| /* confdefs.h.  */
| #define PACKAGE_NAME "alm_base"
| #define PACKAGE_TARNAME "alm_base"
| #define PACKAGE_VERSION "1.0"
| #define PACKAGE_STRING "alm_base 1.0"
| #define PACKAGE_BUGREPORT "hepkosmos@ibs.re.kr"
| #define PACKAGE "alm_base"
| #define VERSION "1.0"
| #define HAVE_CXX11 1
| #define STDC_HEADERS 1
| #define HAVE_SYS_TYPES_H 1
| #define HAVE_SYS_STAT_H 1
| #define HAVE_STDLIB_H 1
| #define HAVE_STRING_H 1
| #define HAVE_MEMORY_H 1
| #define HAVE_STRINGS_H 1
| #define HAVE_INTTYPES_H 1
| #define HAVE_STDINT_H 1
| #define HAVE_UNISTD_H 1
| #define HAVE_DLFCN_H 1
| #define LT_OBJDIR ".libs/"
| #define HAVE_POW 1
| #define HAVE_SQRT 1
| /* end confdefs.h.  */
| #include <stdio.h>
| #ifdef HAVE_SYS_TYPES_H
| # include <sys/types.h>
| #endif
| #ifdef HAVE_SYS_STAT_H
| # include <sys/stat.h>
| #endif
| #ifdef STDC_HEADERS
| # include <stdlib.h>
| # include <stddef.h>
| #else
| # ifdef HAVE_STDLIB_H
| #  include <stdlib.h>
| # endif
| #endif
| #ifdef HAVE_STRING_H
| # if !defined STDC_HEADERS && defined HAVE_MEMORY_H
| #  include <memory.h>
| # endif
| # include <string.h>
| #endif
| #ifdef HAVE_STRINGS_H
| # include <strings.h>
| #endif
| #ifdef HAVE_INTTYPES_H
| # include <inttypes.h>
| #endif
| #ifdef HAVE_STDINT_H
| # include <stdint.h>
| #endif
| #ifdef HAVE_UNISTD_H
| # include <unistd.h>
| #endif
| int
| main ()
| {
| if (sizeof ((size_t)))
| 	  return 0;
|   ;
|   return 0;
| }
configure:16357: result: yes
configure:16412: checking for root-config
configure:16430: found /home/wscho/devel/root/bin/root-config
configure:16443: result: /home/wscho/devel/root/bin/root-config
configure:16453: checking for root
configure:16471: found /home/wscho/devel/root/bin/root
configure:16484: result: /home/wscho/devel/root/bin/root
configure:16540: ROOT 6.22/08 is found.
configure:16555: MINUIT2 is enabled.
configure:16711: creating ./config.status

## ---------------------- ##
## Running config.status. ##
## ---------------------- ##

This file was extended by alm_base config.status 1.0, which was
generated by GNU Autoconf 2.63.  Invocation command line was

  CONFIG_FILES    = 
  CONFIG_HEADERS  = 
  CONFIG_LINKS    = 
  CONFIG_COMMANDS = 
  $ ./config.status 

on TESLA1

config.status:1067: creating Makefile
config.status:1067: creating src/Makefile
config.status:1067: creating config/config.h
config.status:1289: config/config.h is unchanged
config.status:1341: executing depfiles commands
config.status:1341: executing libtool commands

## ---------------- ##
## Cache variables. ##
## ---------------- ##

ac_cv_build=x86_64-unknown-linux-gnu
ac_cv_c_compiler_gnu=yes
ac_cv_c_inline=inline
ac_cv_cxx_compiler_gnu=yes
ac_cv_env_CCC_set=
ac_cv_env_CCC_value=
ac_cv_env_CC_set=
ac_cv_env_CC_value=
ac_cv_env_CFLAGS_set=
ac_cv_env_CFLAGS_value=
ac_cv_env_CPPFLAGS_set=
ac_cv_env_CPPFLAGS_value=
ac_cv_env_CPP_set=
ac_cv_env_CPP_value=
ac_cv_env_CXXCPP_set=
ac_cv_env_CXXCPP_value=
ac_cv_env_CXXFLAGS_set=
ac_cv_env_CXXFLAGS_value=
ac_cv_env_CXX_set=
ac_cv_env_CXX_value=
ac_cv_env_LDFLAGS_set=
ac_cv_env_LDFLAGS_value=
ac_cv_env_LIBS_set=
ac_cv_env_LIBS_value=
ac_cv_env_build_alias_set=
ac_cv_env_build_alias_value=
ac_cv_env_host_alias_set=
ac_cv_env_host_alias_value=
ac_cv_env_target_alias_set=
ac_cv_env_target_alias_value=
ac_cv_func_pow=yes
ac_cv_func_sqrt=yes
ac_cv_header_dlfcn_h=yes
ac_cv_header_inttypes_h=yes
ac_cv_header_memory_h=yes
ac_cv_header_stdc=yes
ac_cv_header_stdint_h=yes
ac_cv_header_stdlib_h=yes
ac_cv_header_string_h=yes
ac_cv_header_strings_h=yes
ac_cv_header_sys_stat_h=yes
ac_cv_header_sys_types_h=yes
ac_cv_header_unistd_h=yes
ac_cv_host=x86_64-unknown-linux-gnu
ac_cv_objext=o
ac_cv_path_EGREP='/bin/grep -E'
ac_cv_path_FGREP='/bin/grep -F'
ac_cv_path_GREP=/bin/grep
ac_cv_path_ROOTCONF=/home/wscho/devel/root/bin/root-config
ac_cv_path_ROOTEXEC=/home/wscho/devel/root/bin/root
ac_cv_path_SED=/bin/sed
ac_cv_path_install='/usr/bin/install -c'
ac_cv_path_mkdir=/bin/mkdir
ac_cv_prog_AWK=mawk
ac_cv_prog_CPP='gcc -E'
ac_cv_prog_CXXCPP='g++ -E'
ac_cv_prog_ac_ct_AR=ar
ac_cv_prog_ac_ct_CC=gcc
ac_cv_prog_ac_ct_CXX=g++
ac_cv_prog_ac_ct_OBJDUMP=objdump
ac_cv_prog_ac_ct_RANLIB=ranlib
ac_cv_prog_ac_ct_STRIP=strip
ac_cv_prog_cc_c89=
ac_cv_prog_cc_g=yes
ac_cv_prog_cxx_g=yes
ac_cv_prog_make_make_set=yes
ac_cv_type_size_t=yes
am_cv_CC_dependencies_compiler_type=gcc3
am_cv_CXX_dependencies_compiler_type=gcc3
ax_cv_cxx_compile_cxx11=yes
lt_cv_deplibs_check_method=pass_all
lt_cv_file_magic_cmd='$MAGIC_CMD'
lt_cv_file_magic_test_file=
lt_cv_ld_reload_flag=-r
lt_cv_nm_interface='BSD nm'
lt_cv_objdir=.libs
lt_cv_path_LD=/usr/bin/ld
lt_cv_path_LDCXX='/usr/bin/ld -m elf_x86_64'
lt_cv_path_NM='/usr/bin/nm -B'
lt_cv_prog_compiler_c_o=yes
lt_cv_prog_compiler_c_o_CXX=yes
lt_cv_prog_compiler_pic_works=yes
lt_cv_prog_compiler_pic_works_CXX=yes
lt_cv_prog_compiler_rtti_exceptions=no
lt_cv_prog_compiler_static_works=yes
lt_cv_prog_compiler_static_works_CXX=yes
lt_cv_prog_gnu_ld=yes
lt_cv_prog_gnu_ldcxx=yes
lt_cv_sys_global_symbol_pipe='sed -n -e '\''s/^.*[	 ]\([ABCDGIRSTW][ABCDGIRSTW]*\)[	 ][	 ]*\([_A-Za-z][_A-Za-z0-9]*\)$/\1 \2 \2/p'\'''
lt_cv_sys_global_symbol_to_c_name_address='sed -n -e '\''s/^: \([^ ]*\) $/  {\"\1\", (void *) 0},/p'\'' -e '\''s/^[ABCDGIRSTW]* \([^ ]*\) \([^ ]*\)$/  {"\2", (void *) \&\2},/p'\'''
lt_cv_sys_global_symbol_to_c_name_address_lib_prefix='sed -n -e '\''s/^: \([^ ]*\) $/  {\"\1\", (void *) 0},/p'\'' -e '\''s/^[ABCDGIRSTW]* \([^ ]*\) \(lib[^ ]*\)$/  {"\2", (void *) \&\2},/p'\'' -e '\''s/^[ABCDGIRSTW]* \([^ ]*\) \([^ ]*\)$/  {"lib\2", (void *) \&\2},/p'\'''
lt_cv_sys_global_symbol_to_cdecl='sed -n -e '\''s/^T .* \(.*\)$/extern int \1();/p'\'' -e '\''s/^[ABCDGIRSTW]* .* \(.*\)$/extern char \1;/p'\'''
lt_cv_sys_max_cmd_len=1572864

## ----------------- ##
## Output variables. ##
## ----------------- ##

ACLOCAL='${SHELL} /home/wscho/simulation/OptiMass-v2.0/alm_base/config/missing --run aclocal-1.11'
AMDEPBACKSLASH='\'
AMDEP_FALSE='#'
AMDEP_TRUE=''
AMTAR='${SHELL} /home/wscho/simulation/OptiMass-v2.0/alm_base/config/missing --run tar'
AR='ar'
AUTOCONF='${SHELL} /home/wscho/simulation/OptiMass-v2.0/alm_base/config/missing --run autoconf'
AUTOHEADER='${SHELL} /home/wscho/simulation/OptiMass-v2.0/alm_base/config/missing --run autoheader'
AUTOMAKE='${SHELL} /home/wscho/simulation/OptiMass-v2.0/alm_base/config/missing --run automake-1.11'
AWK='mawk'
CC='gcc'
CCDEPMODE='depmode=gcc3'
CFLAGS='-g -O2'
CPP='gcc -E'
CPPFLAGS=''
CXX='g++'
CXXCPP='g++ -E'
CXXDEPMODE='depmode=gcc3'
CXXFLAGS='-g -O2'
CYGPATH_W='echo'
DEBUG_FALSE=''
DEBUG_TRUE='#'
DEFS='-DHAVE_CONFIG_H'
DEPDIR='.deps'
DSYMUTIL=''
DUMPBIN=''
ECHO_C=''
ECHO_N='-n'
ECHO_T=''
EGREP='/bin/grep -E'
EXEEXT=''
FGREP='/bin/grep -F'
GREP='/bin/grep'
HAVE_CXX11='1'
INSTALL_DATA='${INSTALL} -m 644'
INSTALL_PROGRAM='${INSTALL}'
INSTALL_SCRIPT='${INSTALL}'
INSTALL_STRIP_PROGRAM='$(install_sh) -c -s'
LD='/usr/bin/ld -m elf_x86_64'
LDFLAGS=''
LIBOBJS=''
LIBS=''
LIBTOOL='$(SHELL) $(top_builddir)/libtool'
LIPO=''
LN_S='ln -s'
LTLIBOBJS=''
MAKEINFO='${SHELL} /home/wscho/simulation/OptiMass-v2.0/alm_base/config/missing --run makeinfo'
MKDIR_P='/bin/mkdir -p'
NM='/usr/bin/nm -B'
NMEDIT=''
OBJDUMP='objdump'
OBJEXT='o'
OTOOL64=''
OTOOL=''
PACKAGE='alm_base'
PACKAGE_BUGREPORT='hepkosmos@ibs.re.kr'
PACKAGE_NAME='alm_base'
PACKAGE_STRING='alm_base 1.0'
PACKAGE_TARNAME='alm_base'
PACKAGE_VERSION='1.0'
PATH_SEPARATOR=':'
RANLIB='ranlib'
ROOTAUXCFLAGS='-pthread -std=c++11 -m64'
ROOTAUXLIBS='-pthread -lm -ldl -rdynamic'
ROOTCFLAGS='-I/home/wscho/devel/root/include'
ROOTCONF='/home/wscho/devel/root/bin/root-config'
ROOTETCDIR='/home/wscho/devel/root/etc'
ROOTEXEC='/home/wscho/devel/root/bin/root'
ROOTGLIBS='-lGui -lCore -lImt -lRIO -lNet -lHist -lGraf -lGraf3d -lGpad -lROOTVecOps -lTree -lTreePlayer -lRint -lPostscript -lMatrix -lPhysics -lMathCore -lThread -lMultiProc -lROOTDataFrame'
ROOTINCDIR='/home/wscho/devel/root/include'
ROOTLIBDIR='/home/wscho/devel/root/lib'
ROOTLIBS='-lCore -lImt -lRIO -lNet -lHist -lGraf -lGraf3d -lGpad -lROOTVecOps -lTree -lTreePlayer -lRint -lPostscript -lMatrix -lPhysics -lMathCore -lThread -lMultiProc -lROOTDataFrame'
ROOTRPATH='/home/wscho/devel/root/lib'
ROOTSOVERSION='6.22'
ROOTVERSION='6.22/08'
SED='/bin/sed'
SET_MAKE=''
SHELL='/bin/bash'
STRIP='strip'
VERSION='1.0'
ac_ct_CC='gcc'
ac_ct_CXX='g++'
ac_ct_DUMPBIN=''
am__EXEEXT_FALSE=''
am__EXEEXT_TRUE='#'
am__fastdepCC_FALSE='#'
am__fastdepCC_TRUE=''
am__fastdepCXX_FALSE='#'
am__fastdepCXX_TRUE=''
am__include='include'
am__isrc=''
am__leading_dot='.'
am__quote=''
am__tar='${AMTAR} chof - "$$tardir"'
am__untar='${AMTAR} xf -'
bindir='${exec_prefix}/bin'
build='x86_64-unknown-linux-gnu'
build_alias=''
build_cpu='x86_64'
build_os='linux-gnu'
build_vendor='unknown'
datadir='${datarootdir}'
datarootdir='${prefix}/share'
docdir='${datarootdir}/doc/${PACKAGE_TARNAME}'
dvidir='${docdir}'
exec_prefix='${prefix}'
host='x86_64-unknown-linux-gnu'
host_alias=''
host_cpu='x86_64'
host_os='linux-gnu'
host_vendor='unknown'
htmldir='${docdir}'
includedir='${prefix}/include'
infodir='${datarootdir}/info'
install_sh='${SHELL} /home/wscho/simulation/OptiMass-v2.0/alm_base/config/install-sh'
libdir='${exec_prefix}/lib'
libexecdir='${exec_prefix}/libexec'
localedir='${datarootdir}/locale'
localstatedir='${prefix}/var'
lt_ECHO='echo'
mandir='${datarootdir}/man'
mkdir_p='/bin/mkdir -p'
oldincludedir='/usr/include'
pdfdir='${docdir}'
prefix='/home/wscho/simulation/OptiMass-v2.0'
program_transform_name='s,x,x,'
psdir='${docdir}'
sbindir='${exec_prefix}/sbin'
sharedstatedir='${prefix}/com'
sysconfdir='${prefix}/etc'
target_alias=''

## ----------- ##
## confdefs.h. ##
## ----------- ##

#define PACKAGE_NAME "alm_base"
#define PACKAGE_TARNAME "alm_base"
#define PACKAGE_VERSION "1.0"
#define PACKAGE_STRING "alm_base 1.0"
#define PACKAGE_BUGREPORT "hepkosmos@ibs.re.kr"
#define PACKAGE "alm_base"
#define VERSION "1.0"
#define HAVE_CXX11 1
#define STDC_HEADERS 1
#define HAVE_SYS_TYPES_H 1
#define HAVE_SYS_STAT_H 1
#define HAVE_STDLIB_H 1
#define HAVE_STRING_H 1
#define HAVE_MEMORY_H 1
#define HAVE_STRINGS_H 1
#define HAVE_INTTYPES_H 1
#define HAVE_STDINT_H 1
#define HAVE_UNISTD_H 1
#define HAVE_DLFCN_H 1
#define LT_OBJDIR ".libs/"
#define HAVE_POW 1
#define HAVE_SQRT 1

configure: exit 0
